
Epoch 1 | Learning Rate is 0.000100
Epoch 1 | Mean train loss is 0.020007, Train acc is 99.720
Epoch 1 | Mean valid loss is 0.038999, valid acc is 98.684
Best valid acc is 98.684

Epoch 2 | Learning Rate is 0.000100
Epoch 2 | Mean train loss is 0.093363, Train acc is 96.735
Epoch 2 | Mean valid loss is 0.054389, valid acc is 98.684
Best valid acc is 98.684

Epoch 3 | Learning Rate is 0.000099
Epoch 3 | Mean train loss is 0.026153, Train acc is 99.440
Epoch 3 | Mean valid loss is 0.046871, valid acc is 98.684
Best valid acc is 98.684

Epoch 4 | Learning Rate is 0.000098
Epoch 4 | Mean train loss is 0.033500, Train acc is 98.694
Epoch 4 | Mean valid loss is 0.058797, valid acc is 98.684
Best valid acc is 98.684

Epoch 5 | Learning Rate is 0.000096
Epoch 5 | Mean train loss is 0.015991, Train acc is 99.440
Epoch 5 | Mean valid loss is 0.197968, valid acc is 94.079
Best valid acc is 98.684

Epoch 6 | Learning Rate is 0.000093
Epoch 6 | Mean train loss is 0.027790, Train acc is 98.974
Epoch 6 | Mean valid loss is 0.197860, valid acc is 93.421
Best valid acc is 98.684

Epoch 7 | Learning Rate is 0.000090
Epoch 7 | Mean train loss is 0.017499, Train acc is 99.720
Epoch 7 | Mean valid loss is 0.065487, valid acc is 96.711
Best valid acc is 98.684

Epoch 8 | Learning Rate is 0.000087
Epoch 8 | Mean train loss is 0.008493, Train acc is 99.720
Epoch 8 | Mean valid loss is 0.031878, valid acc is 99.342
Best valid acc is 99.342

Epoch 9 | Learning Rate is 0.000083
Epoch 9 | Mean train loss is 0.001999, Train acc is 100.000
Epoch 9 | Mean valid loss is 0.016226, valid acc is 98.684
Best valid acc is 99.342

Epoch 10 | Learning Rate is 0.000079
Epoch 10 | Mean train loss is 0.010208, Train acc is 99.627
Epoch 10 | Mean valid loss is 0.026637, valid acc is 98.684
Best valid acc is 99.342

Epoch 11 | Learning Rate is 0.000075
Epoch 11 | Mean train loss is 0.001718, Train acc is 100.000
Epoch 11 | Mean valid loss is 0.029696, valid acc is 98.684
Best valid acc is 99.342

Epoch 12 | Learning Rate is 0.000070
Epoch 12 | Mean train loss is 0.000844, Train acc is 100.000
Epoch 12 | Mean valid loss is 0.038928, valid acc is 98.684
Best valid acc is 99.342

Epoch 13 | Learning Rate is 0.000065
Epoch 13 | Mean train loss is 0.000404, Train acc is 100.000
Epoch 13 | Mean valid loss is 0.017459, valid acc is 99.342
Best valid acc is 99.342

Epoch 14 | Learning Rate is 0.000060
Epoch 14 | Mean train loss is 0.000406, Train acc is 100.000
Epoch 14 | Mean valid loss is 0.026449, valid acc is 99.342
Best valid acc is 99.342

Epoch 15 | Learning Rate is 0.000055
Epoch 15 | Mean train loss is 0.000264, Train acc is 100.000
Epoch 15 | Mean valid loss is 0.030411, valid acc is 98.684
Best valid acc is 99.342

Epoch 16 | Learning Rate is 0.000050
Epoch 16 | Mean train loss is 0.000272, Train acc is 100.000
Epoch 16 | Mean valid loss is 0.049432, valid acc is 98.026
Best valid acc is 99.342

Epoch 17 | Learning Rate is 0.000045
Epoch 17 | Mean train loss is 0.000156, Train acc is 100.000
Epoch 17 | Mean valid loss is 0.049518, valid acc is 98.684
Best valid acc is 99.342

Epoch 18 | Learning Rate is 0.000040
Epoch 18 | Mean train loss is 0.000150, Train acc is 100.000
Epoch 18 | Mean valid loss is 0.032279, valid acc is 98.026
Best valid acc is 99.342

Epoch 19 | Learning Rate is 0.000035
Epoch 19 | Mean train loss is 0.000151, Train acc is 100.000
Epoch 19 | Mean valid loss is 0.030751, valid acc is 98.684
Best valid acc is 99.342

Epoch 20 | Learning Rate is 0.000030
Epoch 20 | Mean train loss is 0.000129, Train acc is 100.000
Epoch 20 | Mean valid loss is 0.032466, valid acc is 98.684
Best valid acc is 99.342

Epoch 21 | Learning Rate is 0.000025
Epoch 21 | Mean train loss is 0.000224, Train acc is 100.000
Epoch 21 | Mean valid loss is 0.041973, valid acc is 98.026
Best valid acc is 99.342
Start to test...
Mean test loss is 0.046987, test acc is 98.397
